
  .   ____          _            __ _ _
 /\\ / ___'_ __ _ _(_)_ __  __ _ \ \ \ \
( ( )\___ | '_ | '_| | '_ \/ _` | \ \ \ \
 \\/  ___)| |_)| | | | | || (_| |  ) ) ) )
  '  |____| .__|_| |_|_| |_\__, | / / / /
 =========|_|==============|___/=/_/_/_/
 :: Spring Boot ::                (v3.1.3)

2025-12-16T18:39:32.853+05:30  INFO 4320 --- [           main] c.e.shoestock.ShoeStockApplication       : Starting ShoeStockApplication v0.0.1-SNAPSHOT using Java 21.0.9 with PID 4320 (C:\Users\pathee\Desktop\shoe-stock\target\shoe-stock-0.0.1-SNAPSHOT.jar started by pathee in C:\Users\pathee\Desktop\shoe-stock)
2025-12-16T18:39:32.855+05:30  INFO 4320 --- [           main] c.e.shoestock.ShoeStockApplication       : No active profile set, falling back to 1 default profile: "default"
2025-12-16T18:39:33.852+05:30  INFO 4320 --- [           main] .s.d.r.c.RepositoryConfigurationDelegate : Bootstrapping Spring Data MongoDB repositories in DEFAULT mode.
2025-12-16T18:39:33.913+05:30  INFO 4320 --- [           main] .s.d.r.c.RepositoryConfigurationDelegate : Finished Spring Data repository scanning in 55 ms. Found 6 MongoDB repository interfaces.
2025-12-16T18:39:34.740+05:30  INFO 4320 --- [           main] o.s.b.w.embedded.tomcat.TomcatWebServer  : Tomcat initialized with port(s): 8080 (http)
2025-12-16T18:39:34.748+05:30  INFO 4320 --- [           main] o.apache.catalina.core.StandardService   : Starting service [Tomcat]
2025-12-16T18:39:34.749+05:30  INFO 4320 --- [           main] o.apache.catalina.core.StandardEngine    : Starting Servlet engine: [Apache Tomcat/10.1.12]
2025-12-16T18:39:34.851+05:30  INFO 4320 --- [           main] o.a.c.c.C.[Tomcat].[localhost].[/]       : Initializing Spring embedded WebApplicationContext
2025-12-16T18:39:34.853+05:30  INFO 4320 --- [           main] w.s.c.ServletWebServerApplicationContext : Root WebApplicationContext: initialization completed in 1943 ms
2025-12-16T18:39:35.551+05:30  INFO 4320 --- [           main] org.mongodb.driver.client                : MongoClient with metadata {"driver": {"name": "mongo-java-driver|sync|spring-boot", "version": "4.9.1"}, "os": {"type": "Windows", "name": "Windows 11", "architecture": "amd64", "version": "10.0"}, "platform": "Java/Oracle Corporation/21.0.9+7-LTS-338"} created with settings MongoClientSettings{readPreference=primary, writeConcern=WriteConcern{w=null, wTimeout=null ms, journal=null}, retryWrites=true, retryReads=true, readConcern=ReadConcern{level=null}, credential=null, streamFactoryFactory=null, commandListeners=[io.micrometer.core.instrument.binder.mongodb.MongoMetricsCommandListener@315df4bb], codecRegistry=ProvidersCodecRegistry{codecProviders=[ValueCodecProvider{}, BsonValueCodecProvider{}, DBRefCodecProvider{}, DBObjectCodecProvider{}, DocumentCodecProvider{}, CollectionCodecProvider{}, IterableCodecProvider{}, MapCodecProvider{}, GeoJsonCodecProvider{}, GridFSFileCodecProvider{}, Jsr310CodecProvider{}, JsonObjectCodecProvider{}, BsonCodecProvider{}, EnumCodecProvider{}, com.mongodb.client.model.mql.ExpressionCodecProvider@3fc08eec, com.mongodb.Jep395RecordCodecProvider@5cad8b7d]}, loggerSettings=LoggerSettings{maxDocumentLength=1000}, clusterSettings={hosts=[localhost:27017], srvServiceName=mongodb, mode=SINGLE, requiredClusterType=UNKNOWN, requiredReplicaSetName='null', serverSelector='null', clusterListeners='[]', serverSelectionTimeout='30000 ms', localThreshold='30000 ms'}, socketSettings=SocketSettings{connectTimeoutMS=10000, readTimeoutMS=0, receiveBufferSize=0, sendBufferSize=0}, heartbeatSocketSettings=SocketSettings{connectTimeoutMS=10000, readTimeoutMS=10000, receiveBufferSize=0, sendBufferSize=0}, connectionPoolSettings=ConnectionPoolSettings{maxSize=100, minSize=0, maxWaitTimeMS=120000, maxConnectionLifeTimeMS=0, maxConnectionIdleTimeMS=0, maintenanceInitialDelayMS=0, maintenanceFrequencyMS=60000, connectionPoolListeners=[io.micrometer.core.instrument.binder.mongodb.MongoMetricsConnectionPoolListener@7b02e036], maxConnecting=2}, serverSettings=ServerSettings{heartbeatFrequencyMS=10000, minHeartbeatFrequencyMS=500, serverListeners='[]', serverMonitorListeners='[]'}, sslSettings=SslSettings{enabled=false, invalidHostNameAllowed=false, context=null}, applicationName='null', compressorList=[], uuidRepresentation=JAVA_LEGACY, serverApi=null, autoEncryptionSettings=null, contextProvider=null}
2025-12-16T18:39:35.624+05:30  INFO 4320 --- [localhost:27017] org.mongodb.driver.cluster               : Monitor thread successfully connected to server with description ServerDescription{address=localhost:27017, type=STANDALONE, state=CONNECTED, ok=true, minWireVersion=0, maxWireVersion=27, maxDocumentSize=16777216, logicalSessionTimeoutMinutes=30, roundTripTimeNanos=68427300}
2025-12-16T18:39:36.605+05:30  INFO 4320 --- [           main] o.s.b.a.e.web.EndpointLinksResolver      : Exposing 1 endpoint(s) beneath base path '/actuator'
2025-12-16T18:39:36.665+05:30  INFO 4320 --- [           main] o.s.s.web.DefaultSecurityFilterChain     : Will secure any request with [org.springframework.security.web.session.DisableEncodeUrlFilter@3cec79d3, org.springframework.security.web.context.request.async.WebAsyncManagerIntegrationFilter@64b70919, org.springframework.security.web.context.SecurityContextHolderFilter@f4c0e4e, org.springframework.security.web.header.HeaderWriterFilter@23811a09, org.springframework.web.filter.CorsFilter@4e31c3ec, org.springframework.security.web.authentication.logout.LogoutFilter@7186333e, com.example.shoestock.security.JwtAuthenticationFilter@4bff2185, org.springframework.security.web.savedrequest.RequestCacheAwareFilter@34e20e6b, org.springframework.security.web.servletapi.SecurityContextHolderAwareRequestFilter@15ac59c2, org.springframework.security.web.authentication.AnonymousAuthenticationFilter@3157e4c0, org.springframework.security.web.access.ExceptionTranslationFilter@151db587, org.springframework.security.web.access.intercept.AuthorizationFilter@6b667cb3]
2025-12-16T18:39:36.877+05:30  INFO 4320 --- [           main] o.s.b.w.embedded.tomcat.TomcatWebServer  : Tomcat started on port(s): 8080 (http) with context path ''
2025-12-16T18:39:36.887+05:30  INFO 4320 --- [           main] c.e.shoestock.ShoeStockApplication       : Started ShoeStockApplication in 4.463 seconds (process running for 5.012)
