Picked up JAVA_TOOL_OPTIONS: -Dstdout.encoding=UTF-8 -Dstderr.encoding=UTF-8

  .   ____          _            __ _ _
 /\\ / ___'_ __ _ _(_)_ __  __ _ \ \ \ \
( ( )\___ | '_ | '_| | '_ \/ _` | \ \ \ \
 \\/  ___)| |_)| | | | | || (_| |  ) ) ) )
  '  |____| .__|_| |_|_| |_\__, | / / / /
 =========|_|==============|___/=/_/_/_/
 :: Spring Boot ::                (v3.1.3)

2025-12-05T16:17:01.794+05:30  INFO 20908 --- [           main] c.e.shoestock.ShoeStockApplication       : Starting ShoeStockApplication v0.0.1-SNAPSHOT using Java 21.0.9 with PID 20908 (C:\Users\pathee\Desktop\shoe-stock\target\shoe-stock-0.0.1-SNAPSHOT.jar started by pathee in C:\Users\pathee\Desktop\shoe-stock)
2025-12-05T16:17:01.795+05:30  INFO 20908 --- [           main] c.e.shoestock.ShoeStockApplication       : No active profile set, falling back to 1 default profile: "default"
2025-12-05T16:17:02.375+05:30  INFO 20908 --- [           main] .s.d.r.c.RepositoryConfigurationDelegate : Bootstrapping Spring Data MongoDB repositories in DEFAULT mode.
2025-12-05T16:17:02.416+05:30  INFO 20908 --- [           main] .s.d.r.c.RepositoryConfigurationDelegate : Finished Spring Data repository scanning in 38 ms. Found 6 MongoDB repository interfaces.
2025-12-05T16:17:02.938+05:30  INFO 20908 --- [           main] o.s.b.w.embedded.tomcat.TomcatWebServer  : Tomcat initialized with port(s): 8080 (http)
2025-12-05T16:17:02.945+05:30  INFO 20908 --- [           main] o.apache.catalina.core.StandardService   : Starting service [Tomcat]
2025-12-05T16:17:02.945+05:30  INFO 20908 --- [           main] o.apache.catalina.core.StandardEngine    : Starting Servlet engine: [Apache Tomcat/10.1.12]
2025-12-05T16:17:03.002+05:30  INFO 20908 --- [           main] o.a.c.c.C.[Tomcat].[localhost].[/]       : Initializing Spring embedded WebApplicationContext
2025-12-05T16:17:03.003+05:30  INFO 20908 --- [           main] w.s.c.ServletWebServerApplicationContext : Root WebApplicationContext: initialization completed in 1168 ms
2025-12-05T16:17:03.214+05:30  INFO 20908 --- [           main] org.mongodb.driver.client                : MongoClient with metadata {"driver": {"name": "mongo-java-driver|sync|spring-boot", "version": "4.9.1"}, "os": {"type": "Windows", "name": "Windows 11", "architecture": "amd64", "version": "10.0"}, "platform": "Java/Oracle Corporation/21.0.9+7-LTS-338"} created with settings MongoClientSettings{readPreference=primary, writeConcern=WriteConcern{w=null, wTimeout=null ms, journal=null}, retryWrites=true, retryReads=true, readConcern=ReadConcern{level=null}, credential=null, streamFactoryFactory=null, commandListeners=[], codecRegistry=ProvidersCodecRegistry{codecProviders=[ValueCodecProvider{}, BsonValueCodecProvider{}, DBRefCodecProvider{}, DBObjectCodecProvider{}, DocumentCodecProvider{}, CollectionCodecProvider{}, IterableCodecProvider{}, MapCodecProvider{}, GeoJsonCodecProvider{}, GridFSFileCodecProvider{}, Jsr310CodecProvider{}, JsonObjectCodecProvider{}, BsonCodecProvider{}, EnumCodecProvider{}, com.mongodb.client.model.mql.ExpressionCodecProvider@6e16b8b5, com.mongodb.Jep395RecordCodecProvider@43b4fe19]}, loggerSettings=LoggerSettings{maxDocumentLength=1000}, clusterSettings={hosts=[localhost:27017], srvServiceName=mongodb, mode=SINGLE, requiredClusterType=UNKNOWN, requiredReplicaSetName='null', serverSelector='null', clusterListeners='[]', serverSelectionTimeout='30000 ms', localThreshold='30000 ms'}, socketSettings=SocketSettings{connectTimeoutMS=10000, readTimeoutMS=0, receiveBufferSize=0, sendBufferSize=0}, heartbeatSocketSettings=SocketSettings{connectTimeoutMS=10000, readTimeoutMS=10000, receiveBufferSize=0, sendBufferSize=0}, connectionPoolSettings=ConnectionPoolSettings{maxSize=100, minSize=0, maxWaitTimeMS=120000, maxConnectionLifeTimeMS=0, maxConnectionIdleTimeMS=0, maintenanceInitialDelayMS=0, maintenanceFrequencyMS=60000, connectionPoolListeners=[], maxConnecting=2}, serverSettings=ServerSettings{heartbeatFrequencyMS=10000, minHeartbeatFrequencyMS=500, serverListeners='[]', serverMonitorListeners='[]'}, sslSettings=SslSettings{enabled=false, invalidHostNameAllowed=false, context=null}, applicationName='null', compressorList=[], uuidRepresentation=JAVA_LEGACY, serverApi=null, autoEncryptionSettings=null, contextProvider=null}
2025-12-05T16:17:03.269+05:30  INFO 20908 --- [localhost:27017] org.mongodb.driver.cluster               : Monitor thread successfully connected to server with description ServerDescription{address=localhost:27017, type=STANDALONE, state=CONNECTED, ok=true, minWireVersion=0, maxWireVersion=27, maxDocumentSize=16777216, logicalSessionTimeoutMinutes=30, roundTripTimeNanos=56029700}
2025-12-05T16:17:04.270+05:30  INFO 20908 --- [           main] o.s.s.web.DefaultSecurityFilterChain     : Will secure any request with [org.springframework.security.web.session.DisableEncodeUrlFilter@1d4664d7, org.springframework.security.web.context.request.async.WebAsyncManagerIntegrationFilter@46c00568, org.springframework.security.web.context.SecurityContextHolderFilter@5eeedb60, org.springframework.security.web.header.HeaderWriterFilter@4b1abd11, org.springframework.security.web.authentication.logout.LogoutFilter@30af7377, com.example.shoestock.security.JwtAuthenticationFilter@117632cf, org.springframework.security.web.savedrequest.RequestCacheAwareFilter@4a1c0752, org.springframework.security.web.servletapi.SecurityContextHolderAwareRequestFilter@332f25c8, org.springframework.security.web.authentication.AnonymousAuthenticationFilter@56ccd751, org.springframework.security.web.access.ExceptionTranslationFilter@278f8425, org.springframework.security.web.access.intercept.AuthorizationFilter@5c20ffa8]
2025-12-05T16:17:04.450+05:30  INFO 20908 --- [           main] o.s.b.w.embedded.tomcat.TomcatWebServer  : Tomcat started on port(s): 8080 (http) with context path ''
2025-12-05T16:17:04.461+05:30  INFO 20908 --- [           main] c.e.shoestock.ShoeStockApplication       : Started ShoeStockApplication in 2.961 seconds (process running for 3.329)
^C